0 info it worked if it ends with ok
1 verbose cli [ '/Users/cpselvis/.nvm/versions/node/v6.9.2/bin/node',
1 verbose cli   '/Users/cpselvis/.nvm/versions/node/v6.9.2/bin/npm',
1 verbose cli   'run',
1 verbose cli   'build' ]
2 info using npm@3.10.9
3 info using node@v6.9.2
4 verbose run-script [ 'prebuild', 'build', 'postbuild' ]
5 info lifecycle my-project@1.0.0~prebuild: my-project@1.0.0
6 silly lifecycle my-project@1.0.0~prebuild: no script for prebuild, continuing
7 info lifecycle my-project@1.0.0~build: my-project@1.0.0
8 verbose lifecycle my-project@1.0.0~build: unsafe-perm in lifecycle true
9 verbose lifecycle my-project@1.0.0~build: PATH: /Users/cpselvis/.nvm/versions/node/v6.9.2/lib/node_modules/npm/bin/node-gyp-bin:/Users/cpselvis/my-project/node_modules/.bin:/Users/cpselvis/.nvm/versions/node/v6.9.2/bin:/Users/cpselvis/sdk/flutter/bin:/usr/local/bin:/usr/bin:/bin:/usr/sbin:/sbin:/opt/X11/bin:/usr/local/git/bin
10 verbose lifecycle my-project@1.0.0~build: CWD: /Users/cpselvis/my-project
11 silly lifecycle my-project@1.0.0~build: Args: [ '-c', 'webpack --config webpack.prod.js' ]
12 silly lifecycle my-project@1.0.0~build: Returned: code: 1  signal: null
13 info lifecycle my-project@1.0.0~build: Failed to exec build script
14 verbose stack Error: my-project@1.0.0 build: `webpack --config webpack.prod.js`
14 verbose stack Exit status 1
14 verbose stack     at EventEmitter.<anonymous> (/Users/cpselvis/.nvm/versions/node/v6.9.2/lib/node_modules/npm/lib/utils/lifecycle.js:255:16)
14 verbose stack     at emitTwo (events.js:106:13)
14 verbose stack     at EventEmitter.emit (events.js:191:7)
14 verbose stack     at ChildProcess.<anonymous> (/Users/cpselvis/.nvm/versions/node/v6.9.2/lib/node_modules/npm/lib/utils/spawn.js:40:14)
14 verbose stack     at emitTwo (events.js:106:13)
14 verbose stack     at ChildProcess.emit (events.js:191:7)
14 verbose stack     at maybeClose (internal/child_process.js:877:16)
14 verbose stack     at Process.ChildProcess._handle.onexit (internal/child_process.js:226:5)
15 verbose pkgid my-project@1.0.0
16 verbose cwd /Users/cpselvis/my-project
17 error Darwin 18.0.0
18 error argv "/Users/cpselvis/.nvm/versions/node/v6.9.2/bin/node" "/Users/cpselvis/.nvm/versions/node/v6.9.2/bin/npm" "run" "build"
19 error node v6.9.2
20 error npm  v3.10.9
21 error code ELIFECYCLE
22 error my-project@1.0.0 build: `webpack --config webpack.prod.js`
22 error Exit status 1
23 error Failed at the my-project@1.0.0 build script 'webpack --config webpack.prod.js'.
23 error Make sure you have the latest version of node.js and npm installed.
23 error If you do, this is most likely a problem with the my-project package,
23 error not with npm itself.
23 error Tell the author that this fails on your system:
23 error     webpack --config webpack.prod.js
23 error You can get information on how to open an issue for this project with:
23 error     npm bugs my-project
23 error Or if that isn't available, you can get their info via:
23 error     npm owner ls my-project
23 error There is likely additional logging output above.
24 verbose exit [ 1, true ]
